{"/Users/gayane.kasparova/WebstormProjects/JS/react-media-kit/src/App.tsx": {"path":"/Users/gayane.kasparova/WebstormProjects/JS/react-media-kit/src/App.tsx","all":true,"statementMap":{"0":{"start":{"line":1,"column":0},"end":{"line":1,"column":18}},"1":{"start":{"line":2,"column":0},"end":{"line":2,"column":57}},"3":{"start":{"line":4,"column":0},"end":{"line":4,"column":16}},"5":{"start":{"line":6,"column":0},"end":{"line":6,"column":10}},"6":{"start":{"line":7,"column":0},"end":{"line":7,"column":6}},"7":{"start":{"line":8,"column":0},"end":{"line":8,"column":26}},"8":{"start":{"line":9,"column":0},"end":{"line":9,"column":7}},"10":{"start":{"line":11,"column":0},"end":{"line":11,"column":1}},"12":{"start":{"line":13,"column":0},"end":{"line":13,"column":18}}},"s":{"0":0,"1":0,"3":0,"5":0,"6":0,"7":0,"8":0,"10":0,"12":0},"branchMap":{"0":{"type":"branch","line":1,"loc":{"start":{"line":1,"column":174},"end":{"line":13,"column":18}},"locations":[{"start":{"line":1,"column":174},"end":{"line":13,"column":18}}]}},"b":{"0":[0]},"fnMap":{"0":{"name":"(empty-report)","decl":{"start":{"line":1,"column":174},"end":{"line":13,"column":18}},"loc":{"start":{"line":1,"column":174},"end":{"line":13,"column":18}},"line":1}},"f":{"0":0}}
,"/Users/gayane.kasparova/WebstormProjects/JS/react-media-kit/src/index.ts": {"path":"/Users/gayane.kasparova/WebstormProjects/JS/react-media-kit/src/index.ts","all":true,"statementMap":{},"s":{},"branchMap":{"0":{"type":"branch","line":1,"loc":{"start":{"line":1,"column":0},"end":{"line":1,"column":0}},"locations":[{"start":{"line":1,"column":0},"end":{"line":1,"column":0}}]}},"b":{"0":[1]},"fnMap":{"0":{"name":"(empty-report)","decl":{"start":{"line":1,"column":0},"end":{"line":1,"column":0}},"loc":{"start":{"line":1,"column":0},"end":{"line":1,"column":0}},"line":1}},"f":{"0":1}}
,"/Users/gayane.kasparova/WebstormProjects/JS/react-media-kit/src/main.tsx": {"path":"/Users/gayane.kasparova/WebstormProjects/JS/react-media-kit/src/main.tsx","all":true,"statementMap":{"0":{"start":{"line":1,"column":0},"end":{"line":1,"column":34}},"1":{"start":{"line":2,"column":0},"end":{"line":2,"column":45}},"2":{"start":{"line":3,"column":0},"end":{"line":3,"column":20}},"3":{"start":{"line":4,"column":0},"end":{"line":4,"column":27}},"5":{"start":{"line":6,"column":0},"end":{"line":6,"column":52}},"6":{"start":{"line":7,"column":0},"end":{"line":7,"column":14}},"7":{"start":{"line":8,"column":0},"end":{"line":8,"column":11}},"8":{"start":{"line":9,"column":0},"end":{"line":9,"column":16}},"9":{"start":{"line":10,"column":0},"end":{"line":10,"column":1}}},"s":{"0":0,"1":0,"2":0,"3":0,"5":0,"6":0,"7":0,"8":0,"9":0},"branchMap":{"0":{"type":"branch","line":1,"loc":{"start":{"line":1,"column":203},"end":{"line":10,"column":-148}},"locations":[{"start":{"line":1,"column":203},"end":{"line":10,"column":-148}}]}},"b":{"0":[0]},"fnMap":{"0":{"name":"(empty-report)","decl":{"start":{"line":1,"column":203},"end":{"line":10,"column":-148}},"loc":{"start":{"line":1,"column":203},"end":{"line":10,"column":-148}},"line":1}},"f":{"0":0}}
,"/Users/gayane.kasparova/WebstormProjects/JS/react-media-kit/src/components/Gallery/Gallery.stories.tsx": {"path":"/Users/gayane.kasparova/WebstormProjects/JS/react-media-kit/src/components/Gallery/Gallery.stories.tsx","all":true,"statementMap":{"1":{"start":{"line":2,"column":0},"end":{"line":2,"column":36}},"3":{"start":{"line":4,"column":0},"end":{"line":4,"column":36}},"4":{"start":{"line":5,"column":0},"end":{"line":5,"column":32}},"5":{"start":{"line":6,"column":0},"end":{"line":6,"column":23}},"6":{"start":{"line":7,"column":0},"end":{"line":7,"column":2}},"8":{"start":{"line":9,"column":0},"end":{"line":9,"column":20}},"12":{"start":{"line":13,"column":0},"end":{"line":13,"column":31}},"13":{"start":{"line":14,"column":0},"end":{"line":14,"column":11}},"14":{"start":{"line":15,"column":0},"end":{"line":15,"column":16}},"15":{"start":{"line":16,"column":0},"end":{"line":16,"column":72}},"16":{"start":{"line":17,"column":0},"end":{"line":17,"column":72}},"17":{"start":{"line":18,"column":0},"end":{"line":18,"column":10}},"18":{"start":{"line":19,"column":0},"end":{"line":19,"column":6}},"19":{"start":{"line":20,"column":0},"end":{"line":20,"column":2}}},"s":{"1":0,"3":0,"4":0,"5":0,"6":0,"8":0,"12":0,"13":0,"14":0,"15":0,"16":0,"17":0,"18":0,"19":0},"branchMap":{"0":{"type":"branch","line":1,"loc":{"start":{"line":1,"column":481},"end":{"line":20,"column":2}},"locations":[{"start":{"line":1,"column":481},"end":{"line":20,"column":2}}]}},"b":{"0":[1]},"fnMap":{"0":{"name":"(empty-report)","decl":{"start":{"line":1,"column":481},"end":{"line":20,"column":2}},"loc":{"start":{"line":1,"column":481},"end":{"line":20,"column":2}},"line":1}},"f":{"0":1}}
,"/Users/gayane.kasparova/WebstormProjects/JS/react-media-kit/src/components/Gallery/Gallery.tsx": {"path":"/Users/gayane.kasparova/WebstormProjects/JS/react-media-kit/src/components/Gallery/Gallery.tsx","all":false,"statementMap":{"6":{"start":{"line":7,"column":0},"end":{"line":7,"column":61}},"7":{"start":{"line":8,"column":0},"end":{"line":8,"column":12}},"8":{"start":{"line":9,"column":0},"end":{"line":9,"column":10}},"10":{"start":{"line":11,"column":0},"end":{"line":11,"column":54}},"11":{"start":{"line":12,"column":0},"end":{"line":12,"column":47}},"12":{"start":{"line":13,"column":0},"end":{"line":13,"column":53}},"13":{"start":{"line":14,"column":0},"end":{"line":14,"column":96}},"14":{"start":{"line":15,"column":0},"end":{"line":15,"column":27}},"15":{"start":{"line":16,"column":0},"end":{"line":16,"column":26}},"17":{"start":{"line":18,"column":0},"end":{"line":18,"column":11}},"19":{"start":{"line":20,"column":0},"end":{"line":20,"column":2}}},"s":{"6":1,"7":3,"8":3,"10":3,"11":2,"12":2,"13":3,"14":2,"15":2,"17":3,"19":3},"branchMap":{"0":{"type":"branch","line":7,"loc":{"start":{"line":7,"column":47},"end":{"line":20,"column":2}},"locations":[{"start":{"line":7,"column":47},"end":{"line":20,"column":2}}]},"1":{"type":"branch","line":11,"loc":{"start":{"line":11,"column":33},"end":{"line":11,"column":54}},"locations":[{"start":{"line":11,"column":33},"end":{"line":11,"column":54}}]},"2":{"type":"branch","line":11,"loc":{"start":{"line":11,"column":48},"end":{"line":16,"column":26}},"locations":[{"start":{"line":11,"column":48},"end":{"line":16,"column":26}}]},"3":{"type":"branch","line":13,"loc":{"start":{"line":13,"column":35},"end":{"line":14,"column":96}},"locations":[{"start":{"line":13,"column":35},"end":{"line":14,"column":96}}]},"4":{"type":"branch","line":14,"loc":{"start":{"line":14,"column":70},"end":{"line":14,"column":94}},"locations":[{"start":{"line":14,"column":70},"end":{"line":14,"column":94}}]}},"b":{"0":[3],"1":[1],"2":[2],"3":[3],"4":[1]},"fnMap":{"0":{"name":"Gallery","decl":{"start":{"line":7,"column":47},"end":{"line":20,"column":2}},"loc":{"start":{"line":7,"column":47},"end":{"line":20,"column":2}},"line":7}},"f":{"0":3}}
}
